<?xml version="1.0" encoding="UTF-8"?>
<testsuite xmlns:xsi="http://www.w3.org/2001/XMLSchema-instance" xsi:noNamespaceSchemaLocation="https://maven.apache.org/surefire/maven-surefire-plugin/xsd/surefire-test-report-3.0.xsd" version="3.0" name="eus.birt.dam.Ud5Te01ApplicationTests" time="4.655" tests="1" errors="0" skipped="0" failures="0">
  <properties>
[...]
</properties>
  <testcase name="contextLoads" classname="eus.birt.dam.Ud5Te01ApplicationTests" time="0.395">
    <system-out><![CDATA[13:30:07.656 [main] INFO org.springframework.test.context.support.AnnotationConfigContextLoaderUtils -- Could not detect default configuration classes for test class [eus.birt.dam.Ud5Te01ApplicationTests]: Ud5Te01ApplicationTests does not declare any static, non-private, non-final, nested classes annotated with @Configuration.
13:30:07.753 [main] INFO org.springframework.boot.test.context.SpringBootTestContextBootstrapper -- Found @SpringBootConfiguration eus.birt.dam.Ud5Te01Application for test class eus.birt.dam.Ud5Te01ApplicationTests
13:30:07.930 [main] INFO org.springframework.boot.devtools.restart.RestartApplicationListener -- Restart disabled due to context in which it is running

  .   ____          _            __ _ _
 /\\ / ___'_ __ _ _(_)_ __  __ _ \ \ \ \
( ( )\___ | '_ | '_| | '_ \/ _` | \ \ \ \
 \\/  ___)| |_)| | | | | || (_| |  ) ) ) )
  '  |____| .__|_| |_|_| |_\__, | / / / /
 =========|_|==============|___/=/_/_/_/
 :: Spring Boot ::                (v3.2.0)

2025-02-23T13:30:08.215+01:00  INFO 15552 --- [           main] eus.birt.dam.Ud5Te01ApplicationTests     : Starting Ud5Te01ApplicationTests using Java 17.0.12 with PID 15552 (started by xabib in D:\DAM\AD\2025\UD05\MusicDB)
2025-02-23T13:30:08.217+01:00  INFO 15552 --- [           main] eus.birt.dam.Ud5Te01ApplicationTests     : No active profile set, falling back to 1 default profile: "default"
2025-02-23T13:30:08.832+01:00  INFO 15552 --- [           main] .s.d.r.c.RepositoryConfigurationDelegate : Bootstrapping Spring Data JPA repositories in DEFAULT mode.
2025-02-23T13:30:08.883+01:00  INFO 15552 --- [           main] .s.d.r.c.RepositoryConfigurationDelegate : Finished Spring Data repository scanning in 44 ms. Found 2 JPA repository interfaces.
2025-02-23T13:30:09.334+01:00  INFO 15552 --- [           main] o.hibernate.jpa.internal.util.LogHelper  : HHH000204: Processing PersistenceUnitInfo [name: default]
2025-02-23T13:30:09.391+01:00  INFO 15552 --- [           main] org.hibernate.Version                    : HHH000412: Hibernate ORM core version 6.3.1.Final
2025-02-23T13:30:09.425+01:00  INFO 15552 --- [           main] o.h.c.internal.RegionFactoryInitiator    : HHH000026: Second-level cache disabled
2025-02-23T13:30:09.664+01:00  INFO 15552 --- [           main] o.s.o.j.p.SpringPersistenceUnitInfo      : No LoadTimeWeaver setup: ignoring JPA class transformer
2025-02-23T13:30:09.701+01:00  INFO 15552 --- [           main] com.zaxxer.hikari.HikariDataSource       : HikariPool-1 - Starting...
2025-02-23T13:30:09.951+01:00  INFO 15552 --- [           main] com.zaxxer.hikari.pool.HikariPool        : HikariPool-1 - Added connection oracle.jdbc.driver.T4CConnection@5d5d3a5c
2025-02-23T13:30:09.953+01:00  INFO 15552 --- [           main] com.zaxxer.hikari.HikariDataSource       : HikariPool-1 - Start completed.
2025-02-23T13:30:09.971+01:00  WARN 15552 --- [           main] org.hibernate.orm.deprecation            : HHH90000025: Oracle12cDialect does not need to be specified explicitly using 'hibernate.dialect' (remove the property setting and it will be selected by default)
2025-02-23T13:30:09.972+01:00  WARN 15552 --- [           main] org.hibernate.orm.deprecation            : HHH90000026: Oracle12cDialect has been deprecated; use org.hibernate.dialect.OracleDialect instead
Hibernate: 
    create global temporary table HTE_album(release number(10, 0), rn_ number(10, 0) not null, artist_id number(19, 0), id number(19, 0), genre varchar2(255 char), name varchar2(255 char), primary key (rn_)) 
        on commit delete rows
Hibernate: 
    create global temporary table HTE_artist(birth number(10, 0), rn_ number(10, 0) not null, id number(19, 0), genre varchar2(255 char), name varchar2(255 char), nationality varchar2(255 char), primary key (rn_)) 
        on commit delete rows
2025-02-23T13:30:10.826+01:00  INFO 15552 --- [           main] o.h.e.t.j.p.i.JtaPlatformInitiator       : HHH000489: No JTA platform available (set 'hibernate.transaction.jta.platform' to enable JTA platform integration)
2025-02-23T13:30:10.972+01:00  INFO 15552 --- [           main] j.LocalContainerEntityManagerFactoryBean : Initialized JPA EntityManagerFactory for persistence unit 'default'
2025-02-23T13:30:11.342+01:00  WARN 15552 --- [           main] JpaBaseConfiguration$JpaWebConfiguration : spring.jpa.open-in-view is enabled by default. Therefore, database queries may be performed during view rendering. Explicitly configure spring.jpa.open-in-view to disable this warning
2025-02-23T13:30:11.363+01:00  INFO 15552 --- [           main] o.s.b.a.w.s.WelcomePageHandlerMapping    : Adding welcome page template: index
2025-02-23T13:30:11.720+01:00  INFO 15552 --- [           main] eus.birt.dam.Ud5Te01ApplicationTests     : Started Ud5Te01ApplicationTests in 3.805 seconds (process running for 4.772)
]]></system-out>
  </testcase>
</testsuite>